TN:
SF:post/routes/posts.route.js
FN:9,(anonymous_0)
FN:18,(anonymous_1)
FN:52,(anonymous_2)
FNF:3
FNH:0
FNDA:0,(anonymous_0)
FNDA:0,(anonymous_1)
FNDA:0,(anonymous_2)
DA:1,1
DA:2,1
DA:3,1
DA:4,1
DA:7,1
DA:9,1
DA:10,0
DA:14,1
DA:20,0
DA:21,0
DA:22,0
DA:27,0
DA:29,0
DA:36,0
DA:37,0
DA:38,0
DA:44,0
DA:52,1
DA:53,0
DA:54,0
DA:57,1
LF:21
LH:9
BRDA:21,0,0,0
BRDA:21,0,1,0
BRDA:37,1,0,0
BRDA:37,1,1,0
BRF:4
BRH:0
end_of_record
TN:
SF:post/services/save.services.js
FN:11,save
FNF:1
FNH:0
FNDA:0,save
DA:2,1
DA:3,1
DA:4,1
DA:5,1
DA:8,1
DA:12,0
DA:13,0
DA:14,0
DA:16,0
DA:20,1
LF:10
LH:6
BRF:0
BRH:0
end_of_record
